<?xml version="1.0" encoding="UTF-8"?>
<!-- Generated by org.testng.reporters.JUnitXMLReporter -->
<testsuite ignored="11" hostname="DESKTOP-OQPM0JT" failures="1" tests="1" name="Default test" time="6.859" errors="0" timestamp="2025-03-06T11:53:01 IST">
  <testcase classname="tests.BlazedemoTests" name="verifyHomepageAccessibility" time="0.033">
    <failure type="java.lang.AssertionError" message="Homepage is not accessible. expected [true] but found [false]">
      <![CDATA[java.lang.AssertionError: Homepage is not accessible. expected [true] but found [false]
at org.testng.Assert.fail(Assert.java:99)
at org.testng.Assert.failNotEquals(Assert.java:1037)
at org.testng.Assert.assertTrue(Assert.java:45)
at tests.BlazedemoTests.verifyHomepageAccessibility(BlazedemoTests.java:28)
at java.base/jdk.internal.reflect.NativeMethodAccessorImpl.invoke0(Native Method)
at java.base/jdk.internal.reflect.NativeMethodAccessorImpl.invoke(NativeMethodAccessorImpl.java:77)
at java.base/jdk.internal.reflect.DelegatingMethodAccessorImpl.invoke(DelegatingMethodAccessorImpl.java:43)
at java.base/java.lang.reflect.Method.invoke(Method.java:568)
at org.testng.internal.MethodInvocationHelper.invokeMethod(MethodInvocationHelper.java:133)
at org.testng.internal.TestInvoker.invokeMethod(TestInvoker.java:598)
at org.testng.internal.TestInvoker.invokeTestMethod(TestInvoker.java:173)
at org.testng.internal.MethodRunner.runInSequence(MethodRunner.java:46)
at org.testng.internal.TestInvoker$MethodInvocationAgent.invoke(TestInvoker.java:824)
at org.testng.internal.TestInvoker.invokeTestMethods(TestInvoker.java:146)
at org.testng.internal.TestMethodWorker.invokeTestMethods(TestMethodWorker.java:146)
at org.testng.internal.TestMethodWorker.run(TestMethodWorker.java:128)
at java.base/java.util.ArrayList.forEach(ArrayList.java:1511)
at org.testng.TestRunner.privateRun(TestRunner.java:794)
at org.testng.TestRunner.run(TestRunner.java:596)
at org.testng.SuiteRunner.runTest(SuiteRunner.java:377)
at org.testng.SuiteRunner.runSequentially(SuiteRunner.java:371)
at org.testng.SuiteRunner.privateRun(SuiteRunner.java:332)
at org.testng.SuiteRunner.run(SuiteRunner.java:276)
at org.testng.SuiteRunnerWorker.runSuite(SuiteRunnerWorker.java:53)
at org.testng.SuiteRunnerWorker.run(SuiteRunnerWorker.java:96)
at org.testng.TestNG.runSuitesSequentially(TestNG.java:1212)
at org.testng.TestNG.runSuitesLocally(TestNG.java:1134)
at org.testng.TestNG.runSuites(TestNG.java:1063)
at org.testng.TestNG.run(TestNG.java:1031)
at org.testng.remote.AbstractRemoteTestNG.run(AbstractRemoteTestNG.java:115)
at org.testng.remote.RemoteTestNG.initAndRun(RemoteTestNG.java:293)
at org.testng.remote.RemoteTestNG.main(RemoteTestNG.java:91)
]]>
    </failure>
  </testcase> <!-- verifyHomepageAccessibility -->
  <testcase classname="tests.BlazedemoTests" name="verifyInvalidPaymentHandling" time="0.0">
    <ignored/>
  </testcase> <!-- verifyInvalidPaymentHandling -->
  <testcase classname="tests.BlazedemoTests" name="verifyBackButtonFunctionality" time="0.0">
    <ignored/>
  </testcase> <!-- verifyBackButtonFunctionality -->
  <testcase classname="tests.BlazedemoTests" name="verifyPaymentGatewayIntegration" time="0.0">
    <ignored/>
  </testcase> <!-- verifyPaymentGatewayIntegration -->
  <testcase classname="tests.BlazedemoTests" name="verifyFlightDetailsDisplay" time="0.0">
    <ignored/>
  </testcase> <!-- verifyFlightDetailsDisplay -->
  <testcase classname="tests.BlazedemoTests" name="verifySearchWithInvalidCities" time="0.0">
    <ignored/>
  </testcase> <!-- verifySearchWithInvalidCities -->
  <testcase classname="tests.BlazedemoTests" name="verifyDropdownValuesForToCity" time="0.0">
    <ignored/>
  </testcase> <!-- verifyDropdownValuesForToCity -->
  <testcase classname="tests.BlazedemoTests" name="verifyFlightSearchFunctionality" time="0.0">
    <ignored/>
  </testcase> <!-- verifyFlightSearchFunctionality -->
  <testcase classname="tests.BlazedemoTests" name="verifyDropdownValuesForFromCity" time="0.0">
    <ignored/>
  </testcase> <!-- verifyDropdownValuesForFromCity -->
  <testcase classname="tests.BlazedemoTests" name="verifyBookingProcess" time="0.0">
    <ignored/>
  </testcase> <!-- verifyBookingProcess -->
  <testcase classname="tests.BlazedemoTests" name="verifyPageResponsiveness" time="0.0">
    <ignored/>
  </testcase> <!-- verifyPageResponsiveness -->
  <testcase classname="tests.BlazedemoTests" name="verifyErrorHandlingForEmptyForm" time="0.0">
    <ignored/>
  </testcase> <!-- verifyErrorHandlingForEmptyForm -->
</testsuite> <!-- Default test -->
